nohup: 忽略输入
=== 99_run_clustered_only ===
OVERWRITE = FALSE 
CLUSTERED_MAX_EXCHANGE_ITERATIONS = 10 
CLUSTERED_EXCHANGE_TOL = 1e-10 

Step 0: Checking/Preparing empirical trees...
  Empirical trees already exist. Loading...
  Done.

Step 1: Figure 1 sanity checks...
  Balanced tree dispersed...
  Balanced tree clustered (greedy+exchange)...
  Ladder tree clustered (greedy+exchange)...
  Saved: figure1_sanity_summary_s8.csv
  Saved: figure1_selected_tips_s8.csv
  Saved: figure1_distance_metrics_s8.csv
  Saved: figure1 clustered raw RDS
  Done.

Step 3: Cricetidae sensitivity grid...
  Running: N = 32 , s = 8 , seed = 20292436 ...
Loading existing result: /home/huangr/projects/2026_04_distance/results/sensitivity/raw_cases/Cricetidae_C32_s8.rds
  Running: N = 32 , s = 16 , seed = 20292444 ...
Loading existing result: /home/huangr/projects/2026_04_distance/results/sensitivity/raw_cases/Cricetidae_C32_s16.rds
  Running: N = 64 , s = 8 , seed = 20324436 ...
Loading existing result: /home/huangr/projects/2026_04_distance/results/sensitivity/raw_cases/Cricetidae_C64_s8.rds
  Running: N = 64 , s = 16 , seed = 20324444 ...
Loading existing result: /home/huangr/projects/2026_04_distance/results/sensitivity/raw_cases/Cricetidae_C64_s16.rds
  Running: N = 64 , s = 32 , seed = 20324460 ...
Loading existing result: /home/huangr/projects/2026_04_distance/results/sensitivity/raw_cases/Cricetidae_C64_s32.rds
  Running: N = 128 , s = 8 , seed = 20388436 ...
Loading existing result: /home/huangr/projects/2026_04_distance/results/sensitivity/raw_cases/Cricetidae_C128_s8.rds
  Running: N = 128 , s = 16 , seed = 20388444 ...
Loading existing result: /home/huangr/projects/2026_04_distance/results/sensitivity/raw_cases/Cricetidae_C128_s16.rds
  Running: N = 128 , s = 32 , seed = 20388460 ...
Loading existing result: /home/huangr/projects/2026_04_distance/results/sensitivity/raw_cases/Cricetidae_C128_s32.rds
  Running: N = 128 , s = 64 , seed = 20388492 ...
Loading existing result: /home/huangr/projects/2026_04_distance/results/sensitivity/raw_cases/Cricetidae_C128_s64.rds
  Running: N = 256 , s = 8 , seed = 20516436 ...
Loading existing result: /home/huangr/projects/2026_04_distance/results/sensitivity/raw_cases/Cricetidae_C256_s8.rds
  Running: N = 256 , s = 16 , seed = 20516444 ...
Loading existing result: /home/huangr/projects/2026_04_distance/results/sensitivity/raw_cases/Cricetidae_C256_s16.rds
  Running: N = 256 , s = 32 , seed = 20516460 ...
Loading existing result: /home/huangr/projects/2026_04_distance/results/sensitivity/raw_cases/Cricetidae_C256_s32.rds
  Running: N = 256 , s = 64 , seed = 20516492 ...
Loading existing result: /home/huangr/projects/2026_04_distance/results/sensitivity/raw_cases/Cricetidae_C256_s64.rds
  Running: N = 512 , s = 8 , seed = 20772436 ...
Loading existing result: /home/huangr/projects/2026_04_distance/results/sensitivity/raw_cases/Cricetidae_C512_s8.rds
  Running: N = 512 , s = 16 , seed = 20772444 ...
Loading existing result: /home/huangr/projects/2026_04_distance/results/sensitivity/raw_cases/Cricetidae_C512_s16.rds
  Running: N = 512 , s = 32 , seed = 20772460 ...
Loading existing result: /home/huangr/projects/2026_04_distance/results/sensitivity/raw_cases/Cricetidae_C512_s32.rds
  Running: N = 512 , s = 64 , seed = 20772492 ...
  Saved: Cricetidae sensitivity summaries
  Done.

Step 4: Covariance sensitivity...
  Loading raw case: Cricetidae_C128_s8 
    BM dependence...
    lambda_BM dependence...
Error in make_lambda_bm_covariance(pool_tree, lambda_val) : 
  没有"make_lambda_bm_covariance"这个函数
停止执行
shell-init: 获取当前目录时出错: getcwd: 无法访问父目录: 没有那个文件或目录
