nohup: 忽略输入
=== 04_run_cricetidae_sensitivity_grid ===
N_NULL_REPS = 1000 
Running full grid: 17 cases
Loading Cricetidae nested pools...
  Running: N = 32 , s = 8 , seed = 20292436 ...
  Running: N = 32 , s = 16 , seed = 20292444 ...
  Running: N = 64 , s = 8 , seed = 20324436 ...
  Running: N = 64 , s = 16 , seed = 20324444 ...
  Running: N = 64 , s = 32 , seed = 20324460 ...
  Running: N = 128 , s = 8 , seed = 20388436 ...
  Running: N = 128 , s = 16 , seed = 20388444 ...
  Running: N = 128 , s = 32 , seed = 20388460 ...
  Running: N = 128 , s = 64 , seed = 20388492 ...
  Running: N = 256 , s = 8 , seed = 20516436 ...
  Running: N = 256 , s = 16 , seed = 20516444 ...
  Running: N = 256 , s = 32 , seed = 20516460 ...
  Running: N = 256 , s = 64 , seed = 20516492 ...
  Running: N = 512 , s = 8 , seed = 20772436 ...
  Running: N = 512 , s = 16 , seed = 20772444 ...
  Running: N = 512 , s = 32 , seed = 20772460 ...
  Running: N = 512 , s = 64 , seed = 20772492 ...
Saving combined summaries...
Done. Cricetidae sensitivity results saved.
