原始数据集物种数: 1708 
匹配成功的物种数: 1427 
原始数据集物种数: 1427 
修剪后的树包含 1427 个物种
开始50次随机划分分析...
正在进行第 1 次随机划分...
原始数据集物种数: 1142 
修剪后的树包含 1142 个物种
原始数据集物种数: 285 
修剪后的树包含 285 个物种
第 1 次划分完成，训练集大小: 1142 测试集大小: 285 
正在进行第 2 次随机划分...
原始数据集物种数: 1142 
修剪后的树包含 1142 个物种
原始数据集物种数: 285 
修剪后的树包含 285 个物种
第 2 次划分完成，训练集大小: 1142 测试集大小: 285 
正在进行第 3 次随机划分...
原始数据集物种数: 1142 
修剪后的树包含 1142 个物种
原始数据集物种数: 285 
修剪后的树包含 285 个物种
第 3 次划分完成，训练集大小: 1142 测试集大小: 285 
正在进行第 4 次随机划分...
原始数据集物种数: 1142 
修剪后的树包含 1142 个物种
原始数据集物种数: 285 
修剪后的树包含 285 个物种
第 4 次划分完成，训练集大小: 1142 测试集大小: 285 
正在进行第 5 次随机划分...
原始数据集物种数: 1142 
修剪后的树包含 1142 个物种
原始数据集物种数: 285 
修剪后的树包含 285 个物种
第 5 次划分完成，训练集大小: 1142 测试集大小: 285 
正在进行第 6 次随机划分...
原始数据集物种数: 1142 
修剪后的树包含 1142 个物种
原始数据集物种数: 285 
修剪后的树包含 285 个物种
第 6 次划分完成，训练集大小: 1142 测试集大小: 285 
正在进行第 7 次随机划分...
原始数据集物种数: 1142 
修剪后的树包含 1142 个物种
原始数据集物种数: 285 
修剪后的树包含 285 个物种
第 7 次划分完成，训练集大小: 1142 测试集大小: 285 
正在进行第 8 次随机划分...
原始数据集物种数: 1142 
修剪后的树包含 1142 个物种
原始数据集物种数: 285 
修剪后的树包含 285 个物种
第 8 次划分完成，训练集大小: 1142 测试集大小: 285 
正在进行第 9 次随机划分...
原始数据集物种数: 1142 
修剪后的树包含 1142 个物种
原始数据集物种数: 285 
修剪后的树包含 285 个物种
第 9 次划分完成，训练集大小: 1142 测试集大小: 285 
正在进行第 10 次随机划分...
原始数据集物种数: 1142 
修剪后的树包含 1142 个物种
原始数据集物种数: 285 
修剪后的树包含 285 个物种
第 10 次划分完成，训练集大小: 1142 测试集大小: 285 
正在进行第 11 次随机划分...
原始数据集物种数: 1142 
修剪后的树包含 1142 个物种
原始数据集物种数: 285 
修剪后的树包含 285 个物种
第 11 次划分完成，训练集大小: 1142 测试集大小: 285 
正在进行第 12 次随机划分...
原始数据集物种数: 1142 
修剪后的树包含 1142 个物种
原始数据集物种数: 285 
修剪后的树包含 285 个物种
第 12 次划分完成，训练集大小: 1142 测试集大小: 285 
正在进行第 13 次随机划分...
原始数据集物种数: 1142 
修剪后的树包含 1142 个物种
原始数据集物种数: 285 
修剪后的树包含 285 个物种
第 13 次划分完成，训练集大小: 1142 测试集大小: 285 
正在进行第 14 次随机划分...
原始数据集物种数: 1142 
修剪后的树包含 1142 个物种
